2025-06-27 21:45:30,470 - __main__ - INFO - ============================================================
2025-06-27 21:45:30,470 - __main__ - INFO - HDF5增量存储演示开始
2025-06-27 21:45:30,470 - __main__ - INFO - 深度范围: 2850-2950 ft (100 ft)
2025-06-27 21:45:30,470 - __main__ - INFO - ============================================================
2025-06-27 21:45:30,471 - __main__ - INFO - 阶段一：增量特征工程 (HDF5存储)
2025-06-27 21:45:30,471 - src.signal_processing - INFO - 信号处理器初始化: 采样频率=99999.99999999999Hz, 截止频率=1000.0Hz
2025-06-27 21:45:30,471 - src.feature_engineering - INFO - 初始化增量特征工程器:
2025-06-27 21:45:30,471 - src.feature_engineering - INFO -   深度范围: 2850.0-2950.0 ft
2025-06-27 21:45:30,471 - src.feature_engineering - INFO -   方位角扇区: 8 个
2025-06-27 21:45:30,471 - src.feature_engineering - INFO -   批处理大小: 50
2025-06-27 21:45:30,471 - src.feature_engineering - INFO - 估算总样本数...
2025-06-27 21:45:30,471 - src.data_loader - INFO - 加载CAST数据...
2025-06-27 21:45:30,546 - src.data_loader - INFO - CAST数据加载完成: 深度点数=24750, 方位角数=180
2025-06-27 21:45:30,546 - src.feature_engineering - INFO - 估算结果:
2025-06-27 21:45:30,546 - src.feature_engineering - INFO -   筛选深度点数: 678
2025-06-27 21:45:30,546 - src.feature_engineering - INFO -   接收器数: 13
2025-06-27 21:45:30,546 - src.feature_engineering - INFO -   方位角扇区数: 8
2025-06-27 21:45:30,546 - src.feature_engineering - INFO -   预估总样本数: 70512
2025-06-27 21:45:30,546 - __main__ - INFO - 预估样本数: 70512
2025-06-27 21:45:30,546 - src.feature_engineering - INFO - 开始增量特征工程处理...
2025-06-27 21:45:30,546 - src.feature_engineering - INFO - 估算总样本数...
2025-06-27 21:45:30,546 - src.data_loader - INFO - 加载CAST数据...
2025-06-27 21:45:30,619 - src.data_loader - INFO - CAST数据加载完成: 深度点数=24750, 方位角数=180
2025-06-27 21:45:30,619 - src.feature_engineering - INFO - 估算结果:
2025-06-27 21:45:30,619 - src.feature_engineering - INFO -   筛选深度点数: 678
2025-06-27 21:45:30,619 - src.feature_engineering - INFO -   接收器数: 13
2025-06-27 21:45:30,619 - src.feature_engineering - INFO -   方位角扇区数: 8
2025-06-27 21:45:30,619 - src.feature_engineering - INFO -   预估总样本数: 70512
2025-06-27 21:45:30,624 - src.hdf5_manager - INFO - HDF5数据管理器初始化: data/processed/features_2850_2950.h5, 模式: w
2025-06-27 21:45:30,624 - src.hdf5_manager - INFO - 创建HDF5数据集结构:
2025-06-27 21:45:30,624 - src.hdf5_manager - INFO -   总样本数: 70512
2025-06-27 21:45:30,624 - src.hdf5_manager - INFO -   图像形状: (127, 1024)
2025-06-27 21:45:30,624 - src.hdf5_manager - INFO -   向量维度: 8
2025-06-27 21:45:30,624 - src.hdf5_manager - INFO -   分块大小: 100
2025-06-27 21:45:30,625 - src.hdf5_manager - INFO - HDF5数据集结构创建完成
2025-06-27 21:45:30,625 - src.hdf5_manager - INFO - 批处理器初始化: 批大小 = 50
2025-06-27 21:45:30,625 - src.feature_engineering - INFO - 加载基础数据...
2025-06-27 21:45:30,625 - src.data_loader - INFO - 加载CAST数据...
2025-06-27 21:45:30,697 - src.data_loader - INFO - CAST数据加载完成: 深度点数=24750, 方位角数=180
2025-06-27 21:45:30,697 - src.data_loader - INFO - 加载XSILMR数据...
2025-06-27 21:45:31,636 - src.data_loader - INFO - 接收器1数据加载完成: 深度点数=7108
2025-06-27 21:45:32,577 - src.data_loader - INFO - 接收器2数据加载完成: 深度点数=7108
2025-06-27 21:45:33,516 - src.data_loader - INFO - 接收器3数据加载完成: 深度点数=7108
2025-06-27 21:45:34,460 - src.data_loader - INFO - 接收器4数据加载完成: 深度点数=7108
2025-06-27 21:45:35,402 - src.data_loader - INFO - 接收器5数据加载完成: 深度点数=7108
2025-06-27 21:45:36,335 - src.data_loader - INFO - 接收器6数据加载完成: 深度点数=7108
2025-06-27 21:45:37,275 - src.data_loader - INFO - 接收器7数据加载完成: 深度点数=7108
2025-06-27 21:45:38,238 - src.data_loader - INFO - 接收器8数据加载完成: 深度点数=7108
2025-06-27 21:45:39,193 - src.data_loader - INFO - 接收器9数据加载完成: 深度点数=7108
2025-06-27 21:45:40,135 - src.data_loader - INFO - 接收器10数据加载完成: 深度点数=7108
2025-06-27 21:45:41,087 - src.data_loader - INFO - 接收器11数据加载完成: 深度点数=7108
2025-06-27 21:45:42,039 - src.data_loader - INFO - 接收器12数据加载完成: 深度点数=7108
2025-06-27 21:45:42,997 - src.data_loader - INFO - 接收器13数据加载完成: 深度点数=7108
2025-06-27 21:45:42,997 - src.data_loader - INFO - XSILMR数据加载完成: 共13个接收器
2025-06-27 21:45:42,997 - src.data_loader - INFO - 筛选深度范围: 2850.0 - 2950.0 ft
2025-06-27 21:45:43,047 - src.data_loader - INFO - 深度筛选完成: CAST点数=678, XSILMR点数=197
2025-06-27 21:45:43,047 - src.data_loader - INFO - 计算接收器绝对深度...
2025-06-27 21:45:43,047 - src.data_loader - INFO - 绝对深度计算完成
2025-06-27 21:45:43,047 - src.feature_engineering - INFO - 筛选后数据:
2025-06-27 21:45:43,047 - src.feature_engineering - INFO -   CAST深度点数: 678
2025-06-27 21:45:43,047 - src.feature_engineering - INFO -   XSILMR深度点数: 197
2025-06-27 21:45:43,047 - src.feature_engineering - INFO - 处理接收器 1...
2025-06-27 21:45:43,047 - src.feature_engineering - INFO -   处理方位角扇区 1/8
2025-06-27 21:45:44,666 - src.hdf5_manager - INFO - 批次 1 已写入: 50 个样本 (总计: 50)
2025-06-27 21:45:47,024 - src.hdf5_manager - INFO - 批次 2 已写入: 50 个样本 (总计: 100)
2025-06-27 21:45:48,680 - src.hdf5_manager - INFO - 批次 3 已写入: 50 个样本 (总计: 150)
2025-06-27 21:45:49,625 - src.feature_engineering - INFO -   处理方位角扇区 2/8
2025-06-27 21:45:51,094 - src.hdf5_manager - INFO - 批次 4 已写入: 50 个样本 (总计: 200)
2025-06-27 21:45:52,753 - src.hdf5_manager - INFO - 批次 5 已写入: 50 个样本 (总计: 250)
2025-06-27 21:45:55,109 - src.hdf5_manager - INFO - 批次 6 已写入: 50 个样本 (总计: 300)
2025-06-27 21:45:56,778 - src.hdf5_manager - INFO - 批次 7 已写入: 50 个样本 (总计: 350)
2025-06-27 21:45:57,674 - src.feature_engineering - INFO -   处理方位角扇区 3/8
2025-06-27 21:45:59,187 - src.hdf5_manager - INFO - 批次 8 已写入: 50 个样本 (总计: 400)
2025-06-27 21:46:00,844 - src.hdf5_manager - INFO - 批次 9 已写入: 50 个样本 (总计: 450)
2025-06-27 21:46:03,197 - src.hdf5_manager - INFO - 批次 10 已写入: 50 个样本 (总计: 500)
2025-06-27 21:46:04,858 - src.hdf5_manager - INFO - 批次 11 已写入: 50 个样本 (总计: 550)
2025-06-27 21:46:05,700 - src.feature_engineering - INFO -   处理方位角扇区 4/8
2025-06-27 21:46:07,263 - src.hdf5_manager - INFO - 批次 12 已写入: 50 个样本 (总计: 600)
2025-06-27 21:46:08,921 - src.hdf5_manager - INFO - 批次 13 已写入: 50 个样本 (总计: 650)
2025-06-27 21:46:11,259 - src.hdf5_manager - INFO - 批次 14 已写入: 50 个样本 (总计: 700)
2025-06-27 21:46:12,927 - src.hdf5_manager - INFO - 批次 15 已写入: 50 个样本 (总计: 750)
2025-06-27 21:46:13,718 - src.feature_engineering - INFO -   处理方位角扇区 5/8
2025-06-27 21:46:15,298 - src.hdf5_manager - INFO - 批次 16 已写入: 50 个样本 (总计: 800)
2025-06-27 21:46:16,953 - src.hdf5_manager - INFO - 批次 17 已写入: 50 个样本 (总计: 850)
2025-06-27 21:46:19,284 - src.hdf5_manager - INFO - 批次 18 已写入: 50 个样本 (总计: 900)
2025-06-27 21:46:20,943 - src.hdf5_manager - INFO - 批次 19 已写入: 50 个样本 (总计: 950)
2025-06-27 21:46:21,683 - src.feature_engineering - INFO -   处理方位角扇区 6/8
2025-06-27 21:46:23,344 - src.hdf5_manager - INFO - 批次 20 已写入: 50 个样本 (总计: 1000)
2025-06-27 21:46:25,003 - src.hdf5_manager - INFO - 批次 21 已写入: 50 个样本 (总计: 1050)
2025-06-27 21:46:27,345 - src.hdf5_manager - INFO - 批次 22 已写入: 50 个样本 (总计: 1100)
2025-06-27 21:46:29,004 - src.hdf5_manager - INFO - 批次 23 已写入: 50 个样本 (总计: 1150)
2025-06-27 21:46:29,680 - src.feature_engineering - INFO -   处理方位角扇区 7/8
2025-06-27 21:46:31,408 - src.hdf5_manager - INFO - 批次 24 已写入: 50 个样本 (总计: 1200)
2025-06-27 21:46:33,070 - src.hdf5_manager - INFO - 批次 25 已写入: 50 个样本 (总计: 1250)
2025-06-27 21:46:35,426 - src.hdf5_manager - INFO - 批次 26 已写入: 50 个样本 (总计: 1300)
2025-06-27 21:46:37,094 - src.hdf5_manager - INFO - 批次 27 已写入: 50 个样本 (总计: 1350)
2025-06-27 21:46:37,721 - src.feature_engineering - INFO -   处理方位角扇区 8/8
2025-06-27 21:46:39,527 - src.hdf5_manager - INFO - 批次 28 已写入: 50 个样本 (总计: 1400)
2025-06-27 21:46:41,190 - src.hdf5_manager - INFO - 批次 29 已写入: 50 个样本 (总计: 1450)
2025-06-27 21:46:43,543 - src.hdf5_manager - INFO - 批次 30 已写入: 50 个样本 (总计: 1500)
2025-06-27 21:46:45,207 - src.hdf5_manager - INFO - 批次 31 已写入: 50 个样本 (总计: 1550)
2025-06-27 21:46:45,779 - src.feature_engineering - INFO - 处理接收器 2...
2025-06-27 21:46:45,779 - src.feature_engineering - INFO -   处理方位角扇区 1/8
2025-06-27 21:46:47,610 - src.hdf5_manager - INFO - 批次 32 已写入: 50 个样本 (总计: 1600)
2025-06-27 21:46:49,273 - src.hdf5_manager - INFO - 批次 33 已写入: 50 个样本 (总计: 1650)
2025-06-27 21:46:51,629 - src.hdf5_manager - INFO - 批次 34 已写入: 50 个样本 (总计: 1700)
2025-06-27 21:46:53,304 - src.hdf5_manager - INFO - 批次 35 已写入: 50 个样本 (总计: 1750)
2025-06-27 21:46:53,832 - src.feature_engineering - INFO -   处理方位角扇区 2/8
2025-06-27 21:46:55,727 - src.hdf5_manager - INFO - 批次 36 已写入: 50 个样本 (总计: 1800)
2025-06-27 21:46:57,395 - src.hdf5_manager - INFO - 批次 37 已写入: 50 个样本 (总计: 1850)
2025-06-27 21:46:59,752 - src.hdf5_manager - INFO - 批次 38 已写入: 50 个样本 (总计: 1900)
2025-06-27 21:47:01,418 - src.hdf5_manager - INFO - 批次 39 已写入: 50 个样本 (总计: 1950)
2025-06-27 21:47:01,884 - src.feature_engineering - INFO -   处理方位角扇区 3/8
2025-06-27 21:47:03,823 - src.hdf5_manager - INFO - 批次 40 已写入: 50 个样本 (总计: 2000)
2025-06-27 21:47:05,489 - src.hdf5_manager - INFO - 批次 41 已写入: 50 个样本 (总计: 2050)
2025-06-27 21:47:07,847 - src.hdf5_manager - INFO - 批次 42 已写入: 50 个样本 (总计: 2100)
2025-06-27 21:47:09,520 - src.hdf5_manager - INFO - 批次 43 已写入: 50 个样本 (总计: 2150)
2025-06-27 21:47:09,936 - src.feature_engineering - INFO -   处理方位角扇区 4/8
2025-06-27 21:47:11,922 - src.hdf5_manager - INFO - 批次 44 已写入: 50 个样本 (总计: 2200)
2025-06-27 21:47:13,585 - src.hdf5_manager - INFO - 批次 45 已写入: 50 个样本 (总计: 2250)
2025-06-27 21:47:15,924 - src.hdf5_manager - INFO - 批次 46 已写入: 50 个样本 (总计: 2300)
2025-06-27 21:47:17,579 - src.hdf5_manager - INFO - 批次 47 已写入: 50 个样本 (总计: 2350)
2025-06-27 21:47:17,938 - src.feature_engineering - INFO -   处理方位角扇区 5/8
2025-06-27 21:47:19,981 - src.hdf5_manager - INFO - 批次 48 已写入: 50 个样本 (总计: 2400)
2025-06-27 21:47:21,639 - src.hdf5_manager - INFO - 批次 49 已写入: 50 个样本 (总计: 2450)
2025-06-27 21:47:23,997 - src.hdf5_manager - INFO - 批次 50 已写入: 50 个样本 (总计: 2500)
2025-06-27 21:47:25,658 - src.hdf5_manager - INFO - 批次 51 已写入: 50 个样本 (总计: 2550)
2025-06-27 21:47:25,961 - src.feature_engineering - INFO -   处理方位角扇区 6/8
2025-06-27 21:47:28,061 - src.hdf5_manager - INFO - 批次 52 已写入: 50 个样本 (总计: 2600)
2025-06-27 21:47:29,721 - src.hdf5_manager - INFO - 批次 53 已写入: 50 个样本 (总计: 2650)
2025-06-27 21:47:32,081 - src.hdf5_manager - INFO - 批次 54 已写入: 50 个样本 (总计: 2700)
2025-06-27 21:47:33,738 - src.hdf5_manager - INFO - 批次 55 已写入: 50 个样本 (总计: 2750)
2025-06-27 21:47:33,989 - src.feature_engineering - INFO -   处理方位角扇区 7/8
2025-06-27 21:47:36,144 - src.hdf5_manager - INFO - 批次 56 已写入: 50 个样本 (总计: 2800)
2025-06-27 21:47:37,806 - src.hdf5_manager - INFO - 批次 57 已写入: 50 个样本 (总计: 2850)
2025-06-27 21:47:40,177 - src.hdf5_manager - INFO - 批次 58 已写入: 50 个样本 (总计: 2900)
2025-06-27 21:47:41,851 - src.hdf5_manager - INFO - 批次 59 已写入: 50 个样本 (总计: 2950)
2025-06-27 21:47:42,050 - src.feature_engineering - INFO -   处理方位角扇区 8/8
2025-06-27 21:47:44,275 - src.hdf5_manager - INFO - 批次 60 已写入: 50 个样本 (总计: 3000)
2025-06-27 21:47:45,956 - src.hdf5_manager - INFO - 批次 61 已写入: 50 个样本 (总计: 3050)
2025-06-27 21:47:48,317 - src.hdf5_manager - INFO - 批次 62 已写入: 50 个样本 (总计: 3100)
2025-06-27 21:47:49,977 - src.hdf5_manager - INFO - 批次 63 已写入: 50 个样本 (总计: 3150)
2025-06-27 21:47:50,121 - src.feature_engineering - INFO - 处理接收器 3...
2025-06-27 21:47:50,121 - src.feature_engineering - INFO -   处理方位角扇区 1/8
2025-06-27 21:47:52,404 - src.hdf5_manager - INFO - 批次 64 已写入: 50 个样本 (总计: 3200)
2025-06-27 21:47:54,077 - src.hdf5_manager - INFO - 批次 65 已写入: 50 个样本 (总计: 3250)
2025-06-27 21:47:56,466 - src.hdf5_manager - INFO - 批次 66 已写入: 50 个样本 (总计: 3300)
2025-06-27 21:47:57,449 - src.feature_engineering - INFO -   处理方位角扇区 2/8
2025-06-27 21:47:58,191 - src.hdf5_manager - INFO - 批次 67 已写入: 50 个样本 (总计: 3350)
2025-06-27 21:48:00,561 - src.hdf5_manager - INFO - 批次 68 已写入: 50 个样本 (总计: 3400)
2025-06-27 21:48:02,227 - src.hdf5_manager - INFO - 批次 69 已写入: 50 个样本 (总计: 3450)
2025-06-27 21:48:04,595 - src.hdf5_manager - INFO - 批次 70 已写入: 50 个样本 (总计: 3500)
2025-06-27 21:48:05,520 - src.feature_engineering - INFO -   处理方位角扇区 3/8
2025-06-27 21:48:06,309 - src.hdf5_manager - INFO - 批次 71 已写入: 50 个样本 (总计: 3550)
2025-06-27 21:48:08,667 - src.hdf5_manager - INFO - 批次 72 已写入: 50 个样本 (总计: 3600)
2025-06-27 21:48:10,334 - src.hdf5_manager - INFO - 批次 73 已写入: 50 个样本 (总计: 3650)
2025-06-27 21:48:12,691 - src.hdf5_manager - INFO - 批次 74 已写入: 50 个样本 (总计: 3700)
2025-06-27 21:48:13,563 - src.feature_engineering - INFO -   处理方位角扇区 4/8
2025-06-27 21:48:14,408 - src.hdf5_manager - INFO - 批次 75 已写入: 50 个样本 (总计: 3750)
2025-06-27 21:48:16,771 - src.hdf5_manager - INFO - 批次 76 已写入: 50 个样本 (总计: 3800)
2025-06-27 21:48:18,429 - src.hdf5_manager - INFO - 批次 77 已写入: 50 个样本 (总计: 3850)
2025-06-27 21:48:20,817 - src.hdf5_manager - INFO - 批次 78 已写入: 50 个样本 (总计: 3900)
2025-06-27 21:48:21,639 - src.feature_engineering - INFO -   处理方位角扇区 5/8
2025-06-27 21:48:22,539 - src.hdf5_manager - INFO - 批次 79 已写入: 50 个样本 (总计: 3950)
2025-06-27 21:48:24,897 - src.hdf5_manager - INFO - 批次 80 已写入: 50 个样本 (总计: 4000)
2025-06-27 21:48:26,562 - src.hdf5_manager - INFO - 批次 81 已写入: 50 个样本 (总计: 4050)
2025-06-27 21:48:28,945 - src.hdf5_manager - INFO - 批次 82 已写入: 50 个样本 (总计: 4100)
2025-06-27 21:48:29,712 - src.feature_engineering - INFO -   处理方位角扇区 6/8
2025-06-27 21:48:30,668 - src.hdf5_manager - INFO - 批次 83 已写入: 50 个样本 (总计: 4150)
2025-06-27 21:48:33,036 - src.hdf5_manager - INFO - 批次 84 已写入: 50 个样本 (总计: 4200)
2025-06-27 21:48:34,712 - src.hdf5_manager - INFO - 批次 85 已写入: 50 个样本 (总计: 4250)
2025-06-27 21:48:37,085 - src.hdf5_manager - INFO - 批次 86 已写入: 50 个样本 (总计: 4300)
2025-06-27 21:48:37,800 - src.feature_engineering - INFO -   处理方位角扇区 7/8
2025-06-27 21:48:38,810 - src.hdf5_manager - INFO - 批次 87 已写入: 50 个样本 (总计: 4350)
2025-06-27 21:48:41,174 - src.hdf5_manager - INFO - 批次 88 已写入: 50 个样本 (总计: 4400)
2025-06-27 21:48:42,846 - src.hdf5_manager - INFO - 批次 89 已写入: 50 个样本 (总计: 4450)
2025-06-27 21:48:45,232 - src.hdf5_manager - INFO - 批次 90 已写入: 50 个样本 (总计: 4500)
2025-06-27 21:48:45,896 - src.feature_engineering - INFO -   处理方位角扇区 8/8
2025-06-27 21:48:46,959 - src.hdf5_manager - INFO - 批次 91 已写入: 50 个样本 (总计: 4550)
2025-06-27 21:48:49,334 - src.hdf5_manager - INFO - 批次 92 已写入: 50 个样本 (总计: 4600)
2025-06-27 21:48:51,017 - src.hdf5_manager - INFO - 批次 93 已写入: 50 个样本 (总计: 4650)
2025-06-27 21:48:53,403 - src.hdf5_manager - INFO - 批次 94 已写入: 50 个样本 (总计: 4700)
2025-06-27 21:48:54,012 - src.feature_engineering - INFO - 处理接收器 4...
2025-06-27 21:48:54,012 - src.feature_engineering - INFO -   处理方位角扇区 1/8
2025-06-27 21:48:55,130 - src.hdf5_manager - INFO - 批次 95 已写入: 50 个样本 (总计: 4750)
2025-06-27 21:48:57,509 - src.hdf5_manager - INFO - 批次 96 已写入: 50 个样本 (总计: 4800)
2025-06-27 21:48:59,180 - src.hdf5_manager - INFO - 批次 97 已写入: 50 个样本 (总计: 4850)
2025-06-27 21:49:01,562 - src.hdf5_manager - INFO - 批次 98 已写入: 50 个样本 (总计: 4900)
2025-06-27 21:49:02,119 - src.feature_engineering - INFO -   处理方位角扇区 2/8
2025-06-27 21:49:03,284 - src.hdf5_manager - INFO - 批次 99 已写入: 50 个样本 (总计: 4950)
2025-06-27 21:49:05,650 - src.hdf5_manager - INFO - 批次 100 已写入: 50 个样本 (总计: 5000)
2025-06-27 21:49:07,325 - src.hdf5_manager - INFO - 批次 101 已写入: 50 个样本 (总计: 5050)
2025-06-27 21:49:09,699 - src.hdf5_manager - INFO - 批次 102 已写入: 50 个样本 (总计: 5100)
2025-06-27 21:49:10,204 - src.feature_engineering - INFO -   处理方位角扇区 3/8
2025-06-27 21:49:11,419 - src.hdf5_manager - INFO - 批次 103 已写入: 50 个样本 (总计: 5150)
2025-06-27 21:49:13,772 - src.hdf5_manager - INFO - 批次 104 已写入: 50 个样本 (总计: 5200)
2025-06-27 21:49:15,440 - src.hdf5_manager - INFO - 批次 105 已写入: 50 个样本 (总计: 5250)
2025-06-27 21:49:17,795 - src.hdf5_manager - INFO - 批次 106 已写入: 50 个样本 (总计: 5300)
2025-06-27 21:49:18,254 - src.feature_engineering - INFO -   处理方位角扇区 4/8
2025-06-27 21:49:19,535 - src.hdf5_manager - INFO - 批次 107 已写入: 50 个样本 (总计: 5350)
2025-06-27 21:49:21,931 - src.hdf5_manager - INFO - 批次 108 已写入: 50 个样本 (总计: 5400)
2025-06-27 21:49:23,593 - src.hdf5_manager - INFO - 批次 109 已写入: 50 个样本 (总计: 5450)
2025-06-27 21:49:25,953 - src.hdf5_manager - INFO - 批次 110 已写入: 50 个样本 (总计: 5500)
2025-06-27 21:49:26,351 - src.feature_engineering - INFO -   处理方位角扇区 5/8
2025-06-27 21:49:27,673 - src.hdf5_manager - INFO - 批次 111 已写入: 50 个样本 (总计: 5550)
2025-06-27 21:49:30,025 - src.hdf5_manager - INFO - 批次 112 已写入: 50 个样本 (总计: 5600)
2025-06-27 21:49:31,708 - src.hdf5_manager - INFO - 批次 113 已写入: 50 个样本 (总计: 5650)
2025-06-27 21:49:34,096 - src.hdf5_manager - INFO - 批次 114 已写入: 50 个样本 (总计: 5700)
2025-06-27 21:49:34,440 - src.feature_engineering - INFO -   处理方位角扇区 6/8
2025-06-27 21:49:35,827 - src.hdf5_manager - INFO - 批次 115 已写入: 50 个样本 (总计: 5750)
2025-06-27 21:49:38,197 - src.hdf5_manager - INFO - 批次 116 已写入: 50 个样本 (总计: 5800)
2025-06-27 21:49:39,874 - src.hdf5_manager - INFO - 批次 117 已写入: 50 个样本 (总计: 5850)
2025-06-27 21:49:42,251 - src.hdf5_manager - INFO - 批次 118 已写入: 50 个样本 (总计: 5900)
2025-06-27 21:49:42,537 - src.feature_engineering - INFO -   处理方位角扇区 7/8
2025-06-27 21:49:43,975 - src.hdf5_manager - INFO - 批次 119 已写入: 50 个样本 (总计: 5950)
2025-06-27 21:49:46,350 - src.hdf5_manager - INFO - 批次 120 已写入: 50 个样本 (总计: 6000)
2025-06-27 21:49:48,036 - src.hdf5_manager - INFO - 批次 121 已写入: 50 个样本 (总计: 6050)
2025-06-27 21:49:50,412 - src.hdf5_manager - INFO - 批次 122 已写入: 50 个样本 (总计: 6100)
2025-06-27 21:49:50,654 - src.feature_engineering - INFO -   处理方位角扇区 8/8
2025-06-27 21:49:52,148 - src.hdf5_manager - INFO - 批次 123 已写入: 50 个样本 (总计: 6150)
2025-06-27 21:49:54,523 - src.hdf5_manager - INFO - 批次 124 已写入: 50 个样本 (总计: 6200)
2025-06-27 21:49:56,191 - src.hdf5_manager - INFO - 批次 125 已写入: 50 个样本 (总计: 6250)
2025-06-27 21:49:58,570 - src.hdf5_manager - INFO - 批次 126 已写入: 50 个样本 (总计: 6300)
2025-06-27 21:49:58,751 - src.feature_engineering - INFO - 处理接收器 5...
2025-06-27 21:49:58,751 - src.feature_engineering - INFO -   处理方位角扇区 1/8
2025-06-27 21:50:00,296 - src.hdf5_manager - INFO - 批次 127 已写入: 50 个样本 (总计: 6350)
2025-06-27 21:50:02,670 - src.hdf5_manager - INFO - 批次 128 已写入: 50 个样本 (总计: 6400)
2025-06-27 21:50:04,360 - src.hdf5_manager - INFO - 批次 129 已写入: 50 个样本 (总计: 6450)
2025-06-27 21:50:06,736 - src.hdf5_manager - INFO - 批次 130 已写入: 50 个样本 (总计: 6500)
2025-06-27 21:50:06,861 - src.feature_engineering - INFO -   处理方位角扇区 2/8
2025-06-27 21:50:08,464 - src.hdf5_manager - INFO - 批次 131 已写入: 50 个样本 (总计: 6550)
2025-06-27 21:50:10,850 - src.hdf5_manager - INFO - 批次 132 已写入: 50 个样本 (总计: 6600)
2025-06-27 21:50:12,531 - src.hdf5_manager - INFO - 批次 133 已写入: 50 个样本 (总计: 6650)
2025-06-27 21:50:13,493 - src.feature_engineering - INFO -   处理方位角扇区 3/8
2025-06-27 21:50:14,959 - src.hdf5_manager - INFO - 批次 134 已写入: 50 个样本 (总计: 6700)
2025-06-27 21:50:16,628 - src.hdf5_manager - INFO - 批次 135 已写入: 50 个样本 (总计: 6750)
2025-06-27 21:50:18,990 - src.hdf5_manager - INFO - 批次 136 已写入: 50 个样本 (总计: 6800)
2025-06-27 21:50:20,651 - src.hdf5_manager - INFO - 批次 137 已写入: 50 个样本 (总计: 6850)
2025-06-27 21:50:21,579 - src.feature_engineering - INFO -   处理方位角扇区 4/8
2025-06-27 21:50:23,097 - src.hdf5_manager - INFO - 批次 138 已写入: 50 个样本 (总计: 6900)
2025-06-27 21:50:24,759 - src.hdf5_manager - INFO - 批次 139 已写入: 50 个样本 (总计: 6950)
2025-06-27 21:50:27,124 - src.hdf5_manager - INFO - 批次 140 已写入: 50 个样本 (总计: 7000)
2025-06-27 21:50:28,794 - src.hdf5_manager - INFO - 批次 141 已写入: 50 个样本 (总计: 7050)
2025-06-27 21:50:29,650 - src.feature_engineering - INFO -   处理方位角扇区 5/8
2025-06-27 21:50:31,210 - src.hdf5_manager - INFO - 批次 142 已写入: 50 个样本 (总计: 7100)
2025-06-27 21:50:32,888 - src.hdf5_manager - INFO - 批次 143 已写入: 50 个样本 (总计: 7150)
2025-06-27 21:50:35,253 - src.hdf5_manager - INFO - 批次 144 已写入: 50 个样本 (总计: 7200)
2025-06-27 21:50:36,928 - src.hdf5_manager - INFO - 批次 145 已写入: 50 个样本 (总计: 7250)
2025-06-27 21:50:37,730 - src.feature_engineering - INFO -   处理方位角扇区 6/8
2025-06-27 21:50:39,361 - src.hdf5_manager - INFO - 批次 146 已写入: 50 个样本 (总计: 7300)
2025-06-27 21:50:41,047 - src.hdf5_manager - INFO - 批次 147 已写入: 50 个样本 (总计: 7350)
2025-06-27 21:50:43,451 - src.hdf5_manager - INFO - 批次 148 已写入: 50 个样本 (总计: 7400)
2025-06-27 21:50:45,129 - src.hdf5_manager - INFO - 批次 149 已写入: 50 个样本 (总计: 7450)
2025-06-27 21:50:45,874 - src.feature_engineering - INFO -   处理方位角扇区 7/8
2025-06-27 21:50:47,563 - src.hdf5_manager - INFO - 批次 150 已写入: 50 个样本 (总计: 7500)
2025-06-27 21:50:49,233 - src.hdf5_manager - INFO - 批次 151 已写入: 50 个样本 (总计: 7550)
2025-06-27 21:50:51,634 - src.hdf5_manager - INFO - 批次 152 已写入: 50 个样本 (总计: 7600)
2025-06-27 21:50:53,308 - src.hdf5_manager - INFO - 批次 153 已写入: 50 个样本 (总计: 7650)
2025-06-27 21:50:54,010 - src.feature_engineering - INFO -   处理方位角扇区 8/8
2025-06-27 21:50:55,748 - src.hdf5_manager - INFO - 批次 154 已写入: 50 个样本 (总计: 7700)
2025-06-27 21:50:57,427 - src.hdf5_manager - INFO - 批次 155 已写入: 50 个样本 (总计: 7750)
2025-06-27 21:50:59,818 - src.hdf5_manager - INFO - 批次 156 已写入: 50 个样本 (总计: 7800)
2025-06-27 21:51:01,511 - src.hdf5_manager - INFO - 批次 157 已写入: 50 个样本 (总计: 7850)
2025-06-27 21:51:02,154 - src.feature_engineering - INFO - 处理接收器 6...
2025-06-27 21:51:02,154 - src.feature_engineering - INFO -   处理方位角扇区 1/8
2025-06-27 21:51:03,957 - src.hdf5_manager - INFO - 批次 158 已写入: 50 个样本 (总计: 7900)
2025-06-27 21:51:05,642 - src.hdf5_manager - INFO - 批次 159 已写入: 50 个样本 (总计: 7950)
2025-06-27 21:51:08,029 - src.hdf5_manager - INFO - 批次 160 已写入: 50 个样本 (总计: 8000)
2025-06-27 21:51:09,719 - src.hdf5_manager - INFO - 批次 161 已写入: 50 个样本 (总计: 8050)
2025-06-27 21:51:10,307 - src.feature_engineering - INFO -   处理方位角扇区 2/8
2025-06-27 21:51:12,162 - src.hdf5_manager - INFO - 批次 162 已写入: 50 个样本 (总计: 8100)
2025-06-27 21:51:13,837 - src.hdf5_manager - INFO - 批次 163 已写入: 50 个样本 (总计: 8150)
2025-06-27 21:51:16,225 - src.hdf5_manager - INFO - 批次 164 已写入: 50 个样本 (总计: 8200)
2025-06-27 21:51:17,898 - src.hdf5_manager - INFO - 批次 165 已写入: 50 个样本 (总计: 8250)
2025-06-27 21:51:18,435 - src.feature_engineering - INFO -   处理方位角扇区 3/8
2025-06-27 21:51:20,320 - src.hdf5_manager - INFO - 批次 166 已写入: 50 个样本 (总计: 8300)
2025-06-27 21:51:21,999 - src.hdf5_manager - INFO - 批次 167 已写入: 50 个样本 (总计: 8350)
2025-06-27 21:51:24,392 - src.hdf5_manager - INFO - 批次 168 已写入: 50 个样本 (总计: 8400)
2025-06-27 21:51:26,071 - src.hdf5_manager - INFO - 批次 169 已写入: 50 个样本 (总计: 8450)
2025-06-27 21:51:26,555 - src.feature_engineering - INFO -   处理方位角扇区 4/8
2025-06-27 21:51:28,501 - src.hdf5_manager - INFO - 批次 170 已写入: 50 个样本 (总计: 8500)
2025-06-27 21:51:30,177 - src.hdf5_manager - INFO - 批次 171 已写入: 50 个样本 (总计: 8550)
2025-06-27 21:51:32,550 - src.hdf5_manager - INFO - 批次 172 已写入: 50 个样本 (总计: 8600)
2025-06-27 21:51:34,225 - src.hdf5_manager - INFO - 批次 173 已写入: 50 个样本 (总计: 8650)
2025-06-27 21:51:34,656 - src.feature_engineering - INFO -   处理方位角扇区 5/8
2025-06-27 21:51:36,646 - src.hdf5_manager - INFO - 批次 174 已写入: 50 个样本 (总计: 8700)
2025-06-27 21:51:38,325 - src.hdf5_manager - INFO - 批次 175 已写入: 50 个样本 (总计: 8750)
2025-06-27 21:51:40,708 - src.hdf5_manager - INFO - 批次 176 已写入: 50 个样本 (总计: 8800)
2025-06-27 21:51:42,385 - src.hdf5_manager - INFO - 批次 177 已写入: 50 个样本 (总计: 8850)
2025-06-27 21:51:42,764 - src.feature_engineering - INFO -   处理方位角扇区 6/8
2025-06-27 21:51:44,836 - src.hdf5_manager - INFO - 批次 178 已写入: 50 个样本 (总计: 8900)
2025-06-27 21:51:46,519 - src.hdf5_manager - INFO - 批次 179 已写入: 50 个样本 (总计: 8950)
2025-06-27 21:51:48,903 - src.hdf5_manager - INFO - 批次 180 已写入: 50 个样本 (总计: 9000)
2025-06-27 21:51:50,596 - src.hdf5_manager - INFO - 批次 181 已写入: 50 个样本 (总计: 9050)
2025-06-27 21:51:50,923 - src.feature_engineering - INFO -   处理方位角扇区 7/8
2025-06-27 21:51:53,055 - src.hdf5_manager - INFO - 批次 182 已写入: 50 个样本 (总计: 9100)
2025-06-27 21:51:54,738 - src.hdf5_manager - INFO - 批次 183 已写入: 50 个样本 (总计: 9150)
2025-06-27 21:51:57,128 - src.hdf5_manager - INFO - 批次 184 已写入: 50 个样本 (总计: 9200)
2025-06-27 21:51:58,815 - src.hdf5_manager - INFO - 批次 185 已写入: 50 个样本 (总计: 9250)
2025-06-27 21:51:59,083 - src.feature_engineering - INFO -   处理方位角扇区 8/8
2025-06-27 21:52:01,264 - src.hdf5_manager - INFO - 批次 186 已写入: 50 个样本 (总计: 9300)
2025-06-27 21:52:02,948 - src.hdf5_manager - INFO - 批次 187 已写入: 50 个样本 (总计: 9350)
2025-06-27 21:52:05,337 - src.hdf5_manager - INFO - 批次 188 已写入: 50 个样本 (总计: 9400)
2025-06-27 21:52:07,026 - src.hdf5_manager - INFO - 批次 189 已写入: 50 个样本 (总计: 9450)
2025-06-27 21:52:07,241 - src.feature_engineering - INFO - 处理接收器 7...
2025-06-27 21:52:07,241 - src.feature_engineering - INFO -   处理方位角扇区 1/8
2025-06-27 21:52:09,482 - src.hdf5_manager - INFO - 批次 190 已写入: 50 个样本 (总计: 9500)
2025-06-27 21:52:11,166 - src.hdf5_manager - INFO - 批次 191 已写入: 50 个样本 (总计: 9550)
2025-06-27 21:52:13,560 - src.hdf5_manager - INFO - 批次 192 已写入: 50 个样本 (总计: 9600)
2025-06-27 21:52:15,248 - src.hdf5_manager - INFO - 批次 193 已写入: 50 个样本 (总计: 9650)
2025-06-27 21:52:15,409 - src.feature_engineering - INFO -   处理方位角扇区 2/8
2025-06-27 21:52:17,694 - src.hdf5_manager - INFO - 批次 194 已写入: 50 个样本 (总计: 9700)
2025-06-27 21:52:19,377 - src.hdf5_manager - INFO - 批次 195 已写入: 50 个样本 (总计: 9750)
2025-06-27 21:52:21,784 - src.hdf5_manager - INFO - 批次 196 已写入: 50 个样本 (总计: 9800)
2025-06-27 21:52:23,470 - src.hdf5_manager - INFO - 批次 197 已写入: 50 个样本 (总计: 9850)
2025-06-27 21:52:23,584 - src.feature_engineering - INFO -   处理方位角扇区 3/8
2025-06-27 21:52:25,944 - src.hdf5_manager - INFO - 批次 198 已写入: 50 个样本 (总计: 9900)
2025-06-27 21:52:27,625 - src.hdf5_manager - INFO - 批次 199 已写入: 50 个样本 (总计: 9950)
2025-06-27 21:52:30,016 - src.hdf5_manager - INFO - 批次 200 已写入: 50 个样本 (总计: 10000)
2025-06-27 21:52:30,960 - src.feature_engineering - INFO -   处理方位角扇区 4/8
2025-06-27 21:52:31,735 - src.hdf5_manager - INFO - 批次 201 已写入: 50 个样本 (总计: 10050)
2025-06-27 21:52:34,104 - src.hdf5_manager - INFO - 批次 202 已写入: 50 个样本 (总计: 10100)
2025-06-27 21:52:35,788 - src.hdf5_manager - INFO - 批次 203 已写入: 50 个样本 (总计: 10150)
2025-06-27 21:52:38,169 - src.hdf5_manager - INFO - 批次 204 已写入: 50 个样本 (总计: 10200)
2025-06-27 21:52:39,060 - src.feature_engineering - INFO -   处理方位角扇区 5/8
2025-06-27 21:52:39,897 - src.hdf5_manager - INFO - 批次 205 已写入: 50 个样本 (总计: 10250)
2025-06-27 21:52:42,290 - src.hdf5_manager - INFO - 批次 206 已写入: 50 个样本 (总计: 10300)
2025-06-27 21:52:43,961 - src.hdf5_manager - INFO - 批次 207 已写入: 50 个样本 (总计: 10350)
2025-06-27 21:52:46,354 - src.hdf5_manager - INFO - 批次 208 已写入: 50 个样本 (总计: 10400)
2025-06-27 21:52:47,193 - src.feature_engineering - INFO -   处理方位角扇区 6/8
2025-06-27 21:52:48,087 - src.hdf5_manager - INFO - 批次 209 已写入: 50 个样本 (总计: 10450)
2025-06-27 21:52:50,454 - src.hdf5_manager - INFO - 批次 210 已写入: 50 个样本 (总计: 10500)
2025-06-27 21:52:52,111 - src.hdf5_manager - INFO - 批次 211 已写入: 50 个样本 (总计: 10550)
2025-06-27 21:52:54,492 - src.hdf5_manager - INFO - 批次 212 已写入: 50 个样本 (总计: 10600)
2025-06-27 21:52:55,264 - src.feature_engineering - INFO -   处理方位角扇区 7/8
2025-06-27 21:52:56,206 - src.hdf5_manager - INFO - 批次 213 已写入: 50 个样本 (总计: 10650)
2025-06-27 21:52:58,570 - src.hdf5_manager - INFO - 批次 214 已写入: 50 个样本 (总计: 10700)
2025-06-27 21:53:00,227 - src.hdf5_manager - INFO - 批次 215 已写入: 50 个样本 (总计: 10750)
2025-06-27 21:53:02,589 - src.hdf5_manager - INFO - 批次 216 已写入: 50 个样本 (总计: 10800)
2025-06-27 21:53:03,315 - src.feature_engineering - INFO -   处理方位角扇区 8/8
2025-06-27 21:53:04,319 - src.hdf5_manager - INFO - 批次 217 已写入: 50 个样本 (总计: 10850)
2025-06-27 21:53:06,736 - src.hdf5_manager - INFO - 批次 218 已写入: 50 个样本 (总计: 10900)
2025-06-27 21:53:08,417 - src.hdf5_manager - INFO - 批次 219 已写入: 50 个样本 (总计: 10950)
2025-06-27 21:53:10,805 - src.hdf5_manager - INFO - 批次 220 已写入: 50 个样本 (总计: 11000)
2025-06-27 21:53:11,473 - src.feature_engineering - INFO - 处理接收器 8...
2025-06-27 21:53:11,473 - src.feature_engineering - INFO -   处理方位角扇区 1/8
2025-06-27 21:53:12,532 - src.hdf5_manager - INFO - 批次 221 已写入: 50 个样本 (总计: 11050)
2025-06-27 21:53:14,946 - src.hdf5_manager - INFO - 批次 222 已写入: 50 个样本 (总计: 11100)
2025-06-27 21:53:16,633 - src.hdf5_manager - INFO - 批次 223 已写入: 50 个样本 (总计: 11150)
2025-06-27 21:53:19,039 - src.hdf5_manager - INFO - 批次 224 已写入: 50 个样本 (总计: 11200)
2025-06-27 21:53:19,659 - src.feature_engineering - INFO -   处理方位角扇区 2/8
2025-06-27 21:53:20,774 - src.hdf5_manager - INFO - 批次 225 已写入: 50 个样本 (总计: 11250)
2025-06-27 21:53:23,173 - src.hdf5_manager - INFO - 批次 226 已写入: 50 个样本 (总计: 11300)
2025-06-27 21:53:24,836 - src.hdf5_manager - INFO - 批次 227 已写入: 50 个样本 (总计: 11350)
2025-06-27 21:53:27,197 - src.hdf5_manager - INFO - 批次 228 已写入: 50 个样本 (总计: 11400)
2025-06-27 21:53:27,756 - src.feature_engineering - INFO -   处理方位角扇区 3/8
2025-06-27 21:53:28,907 - src.hdf5_manager - INFO - 批次 229 已写入: 50 个样本 (总计: 11450)
2025-06-27 21:53:31,263 - src.hdf5_manager - INFO - 批次 230 已写入: 50 个样本 (总计: 11500)
2025-06-27 21:53:32,921 - src.hdf5_manager - INFO - 批次 231 已写入: 50 个样本 (总计: 11550)
2025-06-27 21:53:35,280 - src.hdf5_manager - INFO - 批次 232 已写入: 50 个样本 (总计: 11600)
2025-06-27 21:53:35,786 - src.feature_engineering - INFO -   处理方位角扇区 4/8
2025-06-27 21:53:36,988 - src.hdf5_manager - INFO - 批次 233 已写入: 50 个样本 (总计: 11650)
2025-06-27 21:53:39,349 - src.hdf5_manager - INFO - 批次 234 已写入: 50 个样本 (总计: 11700)
2025-06-27 21:53:41,010 - src.hdf5_manager - INFO - 批次 235 已写入: 50 个样本 (总计: 11750)
2025-06-27 21:53:43,371 - src.hdf5_manager - INFO - 批次 236 已写入: 50 个样本 (总计: 11800)
2025-06-27 21:53:43,825 - src.feature_engineering - INFO -   处理方位角扇区 5/8
2025-06-27 21:53:45,081 - src.hdf5_manager - INFO - 批次 237 已写入: 50 个样本 (总计: 11850)
2025-06-27 21:53:47,443 - src.hdf5_manager - INFO - 批次 238 已写入: 50 个样本 (总计: 11900)
2025-06-27 21:53:49,107 - src.hdf5_manager - INFO - 批次 239 已写入: 50 个样本 (总计: 11950)
2025-06-27 21:53:51,473 - src.hdf5_manager - INFO - 批次 240 已写入: 50 个样本 (总计: 12000)
2025-06-27 21:53:51,873 - src.feature_engineering - INFO -   处理方位角扇区 6/8
2025-06-27 21:53:53,185 - src.hdf5_manager - INFO - 批次 241 已写入: 50 个样本 (总计: 12050)
2025-06-27 21:53:55,549 - src.hdf5_manager - INFO - 批次 242 已写入: 50 个样本 (总计: 12100)
2025-06-27 21:53:57,209 - src.hdf5_manager - INFO - 批次 243 已写入: 50 个样本 (总计: 12150)
2025-06-27 21:53:59,576 - src.hdf5_manager - INFO - 批次 244 已写入: 50 个样本 (总计: 12200)
2025-06-27 21:53:59,922 - src.feature_engineering - INFO -   处理方位角扇区 7/8
2025-06-27 21:54:01,286 - src.hdf5_manager - INFO - 批次 245 已写入: 50 个样本 (总计: 12250)
2025-06-27 21:54:03,647 - src.hdf5_manager - INFO - 批次 246 已写入: 50 个样本 (总计: 12300)
2025-06-27 21:54:05,313 - src.hdf5_manager - INFO - 批次 247 已写入: 50 个样本 (总计: 12350)
2025-06-27 21:54:07,675 - src.hdf5_manager - INFO - 批次 248 已写入: 50 个样本 (总计: 12400)
2025-06-27 21:54:07,970 - src.feature_engineering - INFO -   处理方位角扇区 8/8
2025-06-27 21:54:09,382 - src.hdf5_manager - INFO - 批次 249 已写入: 50 个样本 (总计: 12450)
2025-06-27 21:54:11,742 - src.hdf5_manager - INFO - 批次 250 已写入: 50 个样本 (总计: 12500)
2025-06-27 21:54:13,407 - src.hdf5_manager - INFO - 批次 251 已写入: 50 个样本 (总计: 12550)
2025-06-27 21:54:15,777 - src.hdf5_manager - INFO - 批次 252 已写入: 50 个样本 (总计: 12600)
2025-06-27 21:54:16,018 - src.feature_engineering - INFO - 处理接收器 9...
2025-06-27 21:54:16,019 - src.feature_engineering - INFO -   处理方位角扇区 1/8
2025-06-27 21:54:17,490 - src.hdf5_manager - INFO - 批次 253 已写入: 50 个样本 (总计: 12650)
2025-06-27 21:54:19,855 - src.hdf5_manager - INFO - 批次 254 已写入: 50 个样本 (总计: 12700)
2025-06-27 21:54:21,520 - src.hdf5_manager - INFO - 批次 255 已写入: 50 个样本 (总计: 12750)
2025-06-27 21:54:23,887 - src.hdf5_manager - INFO - 批次 256 已写入: 50 个样本 (总计: 12800)
2025-06-27 21:54:24,080 - src.feature_engineering - INFO -   处理方位角扇区 2/8
2025-06-27 21:54:25,597 - src.hdf5_manager - INFO - 批次 257 已写入: 50 个样本 (总计: 12850)
2025-06-27 21:54:27,956 - src.hdf5_manager - INFO - 批次 258 已写入: 50 个样本 (总计: 12900)
2025-06-27 21:54:29,616 - src.hdf5_manager - INFO - 批次 259 已写入: 50 个样本 (总计: 12950)
2025-06-27 21:54:31,974 - src.hdf5_manager - INFO - 批次 260 已写入: 50 个样本 (总计: 13000)
2025-06-27 21:54:32,111 - src.feature_engineering - INFO -   处理方位角扇区 3/8
2025-06-27 21:54:33,684 - src.hdf5_manager - INFO - 批次 261 已写入: 50 个样本 (总计: 13050)
2025-06-27 21:54:36,052 - src.hdf5_manager - INFO - 批次 262 已写入: 50 个样本 (总计: 13100)
2025-06-27 21:54:37,717 - src.hdf5_manager - INFO - 批次 263 已写入: 50 个样本 (总计: 13150)
2025-06-27 21:54:38,681 - src.feature_engineering - INFO -   处理方位角扇区 4/8
2025-06-27 21:54:40,127 - src.hdf5_manager - INFO - 批次 264 已写入: 50 个样本 (总计: 13200)
2025-06-27 21:54:41,784 - src.hdf5_manager - INFO - 批次 265 已写入: 50 个样本 (总计: 13250)
2025-06-27 21:54:44,142 - src.hdf5_manager - INFO - 批次 266 已写入: 50 个样本 (总计: 13300)
2025-06-27 21:54:46,011 - src.hdf5_manager - INFO - 批次 267 已写入: 50 个样本 (总计: 13350)
2025-06-27 21:54:47,033 - src.feature_engineering - INFO -   处理方位角扇区 5/8
2025-06-27 21:54:48,547 - src.hdf5_manager - INFO - 批次 268 已写入: 50 个样本 (总计: 13400)
2025-06-27 21:54:50,223 - src.hdf5_manager - INFO - 批次 269 已写入: 50 个样本 (总计: 13450)
2025-06-27 21:54:52,639 - src.hdf5_manager - INFO - 批次 270 已写入: 50 个样本 (总计: 13500)
2025-06-27 21:54:54,372 - src.hdf5_manager - INFO - 批次 271 已写入: 50 个样本 (总计: 13550)
2025-06-27 21:54:55,346 - src.feature_engineering - INFO -   处理方位角扇区 6/8
2025-06-27 21:54:56,953 - src.hdf5_manager - INFO - 批次 272 已写入: 50 个样本 (总计: 13600)
2025-06-27 21:54:58,693 - src.hdf5_manager - INFO - 批次 273 已写入: 50 个样本 (总计: 13650)
2025-06-27 21:55:01,103 - src.hdf5_manager - INFO - 批次 274 已写入: 50 个样本 (总计: 13700)
2025-06-27 21:55:02,796 - src.hdf5_manager - INFO - 批次 275 已写入: 50 个样本 (总计: 13750)
2025-06-27 21:55:03,615 - src.feature_engineering - INFO -   处理方位角扇区 7/8
2025-06-27 21:55:05,253 - src.hdf5_manager - INFO - 批次 276 已写入: 50 个样本 (总计: 13800)
2025-06-27 21:55:06,945 - src.hdf5_manager - INFO - 批次 277 已写入: 50 个样本 (总计: 13850)
2025-06-27 21:55:09,349 - src.hdf5_manager - INFO - 批次 278 已写入: 50 个样本 (总计: 13900)
2025-06-27 21:55:11,039 - src.hdf5_manager - INFO - 批次 279 已写入: 50 个样本 (总计: 13950)
2025-06-27 21:55:11,806 - src.feature_engineering - INFO -   处理方位角扇区 8/8
2025-06-27 21:55:13,499 - src.hdf5_manager - INFO - 批次 280 已写入: 50 个样本 (总计: 14000)
2025-06-27 21:55:15,187 - src.hdf5_manager - INFO - 批次 281 已写入: 50 个样本 (总计: 14050)
2025-06-27 21:55:17,594 - src.hdf5_manager - INFO - 批次 282 已写入: 50 个样本 (总计: 14100)
2025-06-27 21:55:19,288 - src.hdf5_manager - INFO - 批次 283 已写入: 50 个样本 (总计: 14150)
2025-06-27 21:55:20,003 - src.feature_engineering - INFO - 处理接收器 10...
2025-06-27 21:55:20,003 - src.feature_engineering - INFO -   处理方位角扇区 1/8
2025-06-27 21:55:21,749 - src.hdf5_manager - INFO - 批次 284 已写入: 50 个样本 (总计: 14200)
2025-06-27 21:55:23,432 - src.hdf5_manager - INFO - 批次 285 已写入: 50 个样本 (总计: 14250)
2025-06-27 21:55:25,843 - src.hdf5_manager - INFO - 批次 286 已写入: 50 个样本 (总计: 14300)
2025-06-27 21:55:27,547 - src.hdf5_manager - INFO - 批次 287 已写入: 50 个样本 (总计: 14350)
2025-06-27 21:55:28,212 - src.feature_engineering - INFO -   处理方位角扇区 2/8
2025-06-27 21:55:30,014 - src.hdf5_manager - INFO - 批次 288 已写入: 50 个样本 (总计: 14400)
2025-06-27 21:55:31,702 - src.hdf5_manager - INFO - 批次 289 已写入: 50 个样本 (总计: 14450)
2025-06-27 21:55:34,100 - src.hdf5_manager - INFO - 批次 290 已写入: 50 个样本 (总计: 14500)
2025-06-27 21:55:35,788 - src.hdf5_manager - INFO - 批次 291 已写入: 50 个样本 (总计: 14550)
2025-06-27 21:55:36,393 - src.feature_engineering - INFO -   处理方位角扇区 3/8
2025-06-27 21:55:38,254 - src.hdf5_manager - INFO - 批次 292 已写入: 50 个样本 (总计: 14600)
2025-06-27 21:55:39,930 - src.hdf5_manager - INFO - 批次 293 已写入: 50 个样本 (总计: 14650)
2025-06-27 21:55:42,331 - src.hdf5_manager - INFO - 批次 294 已写入: 50 个样本 (总计: 14700)
2025-06-27 21:55:44,020 - src.hdf5_manager - INFO - 批次 295 已写入: 50 个样本 (总计: 14750)
2025-06-27 21:55:44,574 - src.feature_engineering - INFO -   处理方位角扇区 4/8
2025-06-27 21:55:46,466 - src.hdf5_manager - INFO - 批次 296 已写入: 50 个样本 (总计: 14800)
2025-06-27 21:55:48,159 - src.hdf5_manager - INFO - 批次 297 已写入: 50 个样本 (总计: 14850)
2025-06-27 21:55:50,562 - src.hdf5_manager - INFO - 批次 298 已写入: 50 个样本 (总计: 14900)
2025-06-27 21:55:52,249 - src.hdf5_manager - INFO - 批次 299 已写入: 50 个样本 (总计: 14950)
2025-06-27 21:55:52,750 - src.feature_engineering - INFO -   处理方位角扇区 5/8
2025-06-27 21:55:54,694 - src.hdf5_manager - INFO - 批次 300 已写入: 50 个样本 (总计: 15000)
2025-06-27 21:55:56,382 - src.hdf5_manager - INFO - 批次 301 已写入: 50 个样本 (总计: 15050)
2025-06-27 21:55:58,795 - src.hdf5_manager - INFO - 批次 302 已写入: 50 个样本 (总计: 15100)
2025-06-27 21:56:00,493 - src.hdf5_manager - INFO - 批次 303 已写入: 50 个样本 (总计: 15150)
2025-06-27 21:56:00,940 - src.feature_engineering - INFO -   处理方位角扇区 6/8
2025-06-27 21:56:02,965 - src.hdf5_manager - INFO - 批次 304 已写入: 50 个样本 (总计: 15200)
2025-06-27 21:56:04,652 - src.hdf5_manager - INFO - 批次 305 已写入: 50 个样本 (总计: 15250)
2025-06-27 21:56:07,058 - src.hdf5_manager - INFO - 批次 306 已写入: 50 个样本 (总计: 15300)
2025-06-27 21:56:08,741 - src.hdf5_manager - INFO - 批次 307 已写入: 50 个样本 (总计: 15350)
2025-06-27 21:56:09,136 - src.feature_engineering - INFO -   处理方位角扇区 7/8
2025-06-27 21:56:11,221 - src.hdf5_manager - INFO - 批次 308 已写入: 50 个样本 (总计: 15400)
2025-06-27 21:56:12,924 - src.hdf5_manager - INFO - 批次 309 已写入: 50 个样本 (总计: 15450)
2025-06-27 21:56:15,357 - src.hdf5_manager - INFO - 批次 310 已写入: 50 个样本 (总计: 15500)
2025-06-27 21:56:17,070 - src.hdf5_manager - INFO - 批次 311 已写入: 50 个样本 (总计: 15550)
2025-06-27 21:56:17,410 - src.feature_engineering - INFO -   处理方位角扇区 8/8
2025-06-27 21:56:19,542 - src.hdf5_manager - INFO - 批次 312 已写入: 50 个样本 (总计: 15600)
2025-06-27 21:56:21,244 - src.hdf5_manager - INFO - 批次 313 已写入: 50 个样本 (总计: 15650)
2025-06-27 21:56:23,657 - src.hdf5_manager - INFO - 批次 314 已写入: 50 个样本 (总计: 15700)
2025-06-27 21:56:25,355 - src.hdf5_manager - INFO - 批次 315 已写入: 50 个样本 (总计: 15750)
2025-06-27 21:56:25,645 - src.feature_engineering - INFO - 处理接收器 11...
2025-06-27 21:56:25,646 - src.feature_engineering - INFO -   处理方位角扇区 1/8
2025-06-27 21:56:27,818 - src.hdf5_manager - INFO - 批次 316 已写入: 50 个样本 (总计: 15800)
2025-06-27 21:56:29,510 - src.hdf5_manager - INFO - 批次 317 已写入: 50 个样本 (总计: 15850)
2025-06-27 21:56:31,948 - src.hdf5_manager - INFO - 批次 318 已写入: 50 个样本 (总计: 15900)
2025-06-27 21:56:33,655 - src.hdf5_manager - INFO - 批次 319 已写入: 50 个样本 (总计: 15950)
2025-06-27 21:56:33,888 - src.feature_engineering - INFO -   处理方位角扇区 2/8
2025-06-27 21:56:36,117 - src.hdf5_manager - INFO - 批次 320 已写入: 50 个样本 (总计: 16000)
2025-06-27 21:56:37,822 - src.hdf5_manager - INFO - 批次 321 已写入: 50 个样本 (总计: 16050)
2025-06-27 21:56:40,245 - src.hdf5_manager - INFO - 批次 322 已写入: 50 个样本 (总计: 16100)
2025-06-27 21:56:41,953 - src.hdf5_manager - INFO - 批次 323 已写入: 50 个样本 (总计: 16150)
2025-06-27 21:56:42,135 - src.feature_engineering - INFO -   处理方位角扇区 3/8
2025-06-27 21:56:44,427 - src.hdf5_manager - INFO - 批次 324 已写入: 50 个样本 (总计: 16200)
2025-06-27 21:56:46,113 - src.hdf5_manager - INFO - 批次 325 已写入: 50 个样本 (总计: 16250)
2025-06-27 21:56:48,521 - src.hdf5_manager - INFO - 批次 326 已写入: 50 个样本 (总计: 16300)
2025-06-27 21:56:50,215 - src.hdf5_manager - INFO - 批次 327 已写入: 50 个样本 (总计: 16350)
2025-06-27 21:56:50,344 - src.feature_engineering - INFO -   处理方位角扇区 4/8
2025-06-27 21:56:52,680 - src.hdf5_manager - INFO - 批次 328 已写入: 50 个样本 (总计: 16400)
2025-06-27 21:56:54,392 - src.hdf5_manager - INFO - 批次 329 已写入: 50 个样本 (总计: 16450)
2025-06-27 21:56:56,816 - src.hdf5_manager - INFO - 批次 330 已写入: 50 个样本 (总计: 16500)
2025-06-27 21:56:57,787 - src.feature_engineering - INFO -   处理方位角扇区 5/8
2025-06-27 21:56:58,564 - src.hdf5_manager - INFO - 批次 331 已写入: 50 个样本 (总计: 16550)
2025-06-27 21:57:00,977 - src.hdf5_manager - INFO - 批次 332 已写入: 50 个样本 (总计: 16600)
2025-06-27 21:57:02,671 - src.hdf5_manager - INFO - 批次 333 已写入: 50 个样本 (总计: 16650)
2025-06-27 21:57:05,089 - src.hdf5_manager - INFO - 批次 334 已写入: 50 个样本 (总计: 16700)
2025-06-27 21:57:06,004 - src.feature_engineering - INFO -   处理方位角扇区 6/8
2025-06-27 21:57:06,835 - src.hdf5_manager - INFO - 批次 335 已写入: 50 个样本 (总计: 16750)
2025-06-27 21:57:09,249 - src.hdf5_manager - INFO - 批次 336 已写入: 50 个样本 (总计: 16800)
2025-06-27 21:57:10,930 - src.hdf5_manager - INFO - 批次 337 已写入: 50 个样本 (总计: 16850)
2025-06-27 21:57:13,322 - src.hdf5_manager - INFO - 批次 338 已写入: 50 个样本 (总计: 16900)
2025-06-27 21:57:14,179 - src.feature_engineering - INFO -   处理方位角扇区 7/8
2025-06-27 21:57:15,069 - src.hdf5_manager - INFO - 批次 339 已写入: 50 个样本 (总计: 16950)
2025-06-27 21:57:17,453 - src.hdf5_manager - INFO - 批次 340 已写入: 50 个样本 (总计: 17000)
2025-06-27 21:57:19,144 - src.hdf5_manager - INFO - 批次 341 已写入: 50 个样本 (总计: 17050)
2025-06-27 21:57:21,570 - src.hdf5_manager - INFO - 批次 342 已写入: 50 个样本 (总计: 17100)
2025-06-27 21:57:22,374 - src.feature_engineering - INFO -   处理方位角扇区 8/8
2025-06-27 21:57:23,315 - src.hdf5_manager - INFO - 批次 343 已写入: 50 个样本 (总计: 17150)
2025-06-27 21:57:25,740 - src.hdf5_manager - INFO - 批次 344 已写入: 50 个样本 (总计: 17200)
2025-06-27 21:57:27,425 - src.hdf5_manager - INFO - 批次 345 已写入: 50 个样本 (总计: 17250)
2025-06-27 21:57:29,835 - src.hdf5_manager - INFO - 批次 346 已写入: 50 个样本 (总计: 17300)
2025-06-27 21:57:30,584 - src.feature_engineering - INFO - 处理接收器 12...
2025-06-27 21:57:30,584 - src.feature_engineering - INFO -   处理方位角扇区 1/8
2025-06-27 21:57:31,575 - src.hdf5_manager - INFO - 批次 347 已写入: 50 个样本 (总计: 17350)
2025-06-27 21:57:33,985 - src.hdf5_manager - INFO - 批次 348 已写入: 50 个样本 (总计: 17400)
2025-06-27 21:57:35,672 - src.hdf5_manager - INFO - 批次 349 已写入: 50 个样本 (总计: 17450)
2025-06-27 21:57:38,089 - src.hdf5_manager - INFO - 批次 350 已写入: 50 个样本 (总计: 17500)
2025-06-27 21:57:38,790 - src.feature_engineering - INFO -   处理方位角扇区 2/8
2025-06-27 21:57:39,839 - src.hdf5_manager - INFO - 批次 351 已写入: 50 个样本 (总计: 17550)
2025-06-27 21:57:42,256 - src.hdf5_manager - INFO - 批次 352 已写入: 50 个样本 (总计: 17600)
2025-06-27 21:57:43,958 - src.hdf5_manager - INFO - 批次 353 已写入: 50 个样本 (总计: 17650)
2025-06-27 21:57:46,385 - src.hdf5_manager - INFO - 批次 354 已写入: 50 个样本 (总计: 17700)
2025-06-27 21:57:47,031 - src.feature_engineering - INFO -   处理方位角扇区 3/8
2025-06-27 21:57:48,129 - src.hdf5_manager - INFO - 批次 355 已写入: 50 个样本 (总计: 17750)
2025-06-27 21:57:50,539 - src.hdf5_manager - INFO - 批次 356 已写入: 50 个样本 (总计: 17800)
2025-06-27 21:57:52,235 - src.hdf5_manager - INFO - 批次 357 已写入: 50 个样本 (总计: 17850)
