2025-06-27 11:17:11,924 - __main__ - INFO - ============================================================
2025-06-27 11:17:11,925 - __main__ - INFO - 开始执行测井数据窜槽检测项目
2025-06-27 11:17:11,925 - __main__ - INFO - ============================================================
2025-06-27 11:17:11,925 - __main__ - INFO - 阶段一：数据加载与预处理
2025-06-27 11:17:11,925 - src.data_loader - INFO - 加载CAST数据...
2025-06-27 11:17:12,053 - src.data_loader - INFO - CAST数据加载完成: 深度点数=24750, 方位角数=180
2025-06-27 11:17:12,053 - src.data_loader - INFO - 加载XSILMR数据...
2025-06-27 11:17:12,954 - src.data_loader - INFO - 接收器1数据加载完成: 深度点数=7108
2025-06-27 11:17:13,849 - src.data_loader - INFO - 接收器2数据加载完成: 深度点数=7108
2025-06-27 11:17:14,747 - src.data_loader - INFO - 接收器3数据加载完成: 深度点数=7108
2025-06-27 11:17:15,646 - src.data_loader - INFO - 接收器4数据加载完成: 深度点数=7108
2025-06-27 11:17:16,539 - src.data_loader - INFO - 接收器5数据加载完成: 深度点数=7108
2025-06-27 11:17:17,439 - src.data_loader - INFO - 接收器6数据加载完成: 深度点数=7108
2025-06-27 11:17:18,342 - src.data_loader - INFO - 接收器7数据加载完成: 深度点数=7108
2025-06-27 11:17:19,232 - src.data_loader - INFO - 接收器8数据加载完成: 深度点数=7108
2025-06-27 11:17:20,131 - src.data_loader - INFO - 接收器9数据加载完成: 深度点数=7108
2025-06-27 11:17:21,038 - src.data_loader - INFO - 接收器10数据加载完成: 深度点数=7108
2025-06-27 11:17:21,959 - src.data_loader - INFO - 接收器11数据加载完成: 深度点数=7108
2025-06-27 11:17:22,877 - src.data_loader - INFO - 接收器12数据加载完成: 深度点数=7108
2025-06-27 11:17:23,795 - src.data_loader - INFO - 接收器13数据加载完成: 深度点数=7108
2025-06-27 11:17:23,795 - src.data_loader - INFO - XSILMR数据加载完成: 共13个接收器
2025-06-27 11:17:23,795 - src.data_loader - INFO - 筛选深度范围: 2732.0 - 4132.0 ft
2025-06-27 11:17:24,273 - src.data_loader - INFO - 深度筛选完成: CAST点数=9884, XSILMR点数=2852
2025-06-27 11:17:24,273 - src.data_loader - INFO - 计算接收器绝对深度...
2025-06-27 11:17:24,273 - src.data_loader - INFO - 绝对深度计算完成
2025-06-27 11:17:25,248 - src.visualization - INFO - 数据概览图保存至: outputs/figures/data_overview.png
2025-06-27 11:17:30,765 - __main__ - INFO - 阶段二：特征工程
2025-06-27 11:17:30,766 - src.signal_processing - INFO - 信号处理器初始化: 采样频率=99999.99999999999Hz, 截止频率=1000.0Hz
2025-06-27 11:17:30,766 - src.feature_engineering - INFO - 开始生成增强版训练数据...
2025-06-27 11:17:30,766 - src.feature_engineering - INFO - 处理方位 A...
2025-06-27 11:17:32,173 - src.signal_processing - INFO - 执行慢度-时间相干性分析...
2025-06-27 11:18:35,999 - src.signal_processing - INFO - 慢度-时间相干性分析完成
2025-06-27 11:18:36,000 - src.signal_processing - INFO - 计算局部衰减率...
2025-06-27 11:18:36,052 - src.signal_processing - INFO - 局部衰减率计算完成
2025-06-27 11:31:25,115 - src.feature_engineering - INFO - 处理方位 B...
2025-06-27 11:31:27,232 - src.signal_processing - INFO - 执行慢度-时间相干性分析...
2025-06-27 11:32:31,460 - src.signal_processing - INFO - 慢度-时间相干性分析完成
2025-06-27 11:32:31,469 - src.signal_processing - INFO - 计算局部衰减率...
2025-06-27 11:32:31,529 - src.signal_processing - INFO - 局部衰减率计算完成
2025-06-27 11:48:55,761 - __main__ - INFO - ============================================================
2025-06-27 11:48:55,761 - __main__ - INFO - 开始执行测井数据窜槽检测项目
2025-06-27 11:48:55,761 - __main__ - INFO - ============================================================
2025-06-27 11:48:55,761 - __main__ - INFO - 阶段一：数据加载与预处理
2025-06-27 11:48:55,761 - src.data_loader - INFO - 加载CAST数据...
2025-06-27 11:48:55,835 - src.data_loader - INFO - CAST数据加载完成: 深度点数=24750, 方位角数=180
2025-06-27 11:48:55,835 - src.data_loader - INFO - 加载XSILMR数据...
2025-06-27 11:48:56,789 - src.data_loader - INFO - 接收器1数据加载完成: 深度点数=7108
2025-06-27 11:48:57,740 - src.data_loader - INFO - 接收器2数据加载完成: 深度点数=7108
2025-06-27 11:48:58,701 - src.data_loader - INFO - 接收器3数据加载完成: 深度点数=7108
2025-06-27 11:48:59,657 - src.data_loader - INFO - 接收器4数据加载完成: 深度点数=7108
2025-06-27 11:49:00,600 - src.data_loader - INFO - 接收器5数据加载完成: 深度点数=7108
2025-06-27 11:49:01,543 - src.data_loader - INFO - 接收器6数据加载完成: 深度点数=7108
2025-06-27 11:49:02,489 - src.data_loader - INFO - 接收器7数据加载完成: 深度点数=7108
2025-06-27 11:49:03,426 - src.data_loader - INFO - 接收器8数据加载完成: 深度点数=7108
2025-06-27 11:49:04,376 - src.data_loader - INFO - 接收器9数据加载完成: 深度点数=7108
2025-06-27 11:49:05,335 - src.data_loader - INFO - 接收器10数据加载完成: 深度点数=7108
2025-06-27 11:49:06,298 - src.data_loader - INFO - 接收器11数据加载完成: 深度点数=7108
2025-06-27 11:49:07,256 - src.data_loader - INFO - 接收器12数据加载完成: 深度点数=7108
2025-06-27 11:49:08,215 - src.data_loader - INFO - 接收器13数据加载完成: 深度点数=7108
2025-06-27 11:49:08,215 - src.data_loader - INFO - XSILMR数据加载完成: 共13个接收器
2025-06-27 11:49:08,215 - src.data_loader - INFO - 筛选深度范围: 2732.0 - 4132.0 ft
2025-06-27 11:49:08,344 - src.data_loader - INFO - 深度筛选完成: CAST点数=9884, XSILMR点数=2852
2025-06-27 11:49:08,344 - src.data_loader - INFO - 计算接收器绝对深度...
2025-06-27 11:49:08,345 - src.data_loader - INFO - 绝对深度计算完成
2025-06-27 11:49:09,192 - src.visualization - INFO - 数据概览图保存至: outputs/figures/data_overview.png
2025-06-27 11:49:13,231 - __main__ - INFO - 阶段二：特征工程
2025-06-27 11:49:13,232 - src.signal_processing - INFO - 信号处理器初始化: 采样频率=99999.99999999999Hz, 截止频率=1000.0Hz
2025-06-27 11:49:13,233 - src.feature_engineering - INFO - 开始生成增强版训练数据...
2025-06-27 11:49:13,233 - src.feature_engineering - INFO - 处理方位 A...
2025-06-27 11:49:14,611 - src.signal_processing - INFO - 执行慢度-时间相干性分析...
